TN:
SF:C:\Frontend\TDD_Tutorials\vending-machine\test.js
FN:12,(anonymous_1)
FN:17,(anonymous_2)
FN:22,(anonymous_3)
FNF:3
FNH:3
FNDA:1,(anonymous_1)
FNDA:1,(anonymous_2)
FNDA:1,(anonymous_3)
DA:4,1
DA:5,1
DA:7,1
DA:8,1
DA:9,1
DA:12,1
DA:13,1
DA:14,1
DA:15,1
DA:17,1
DA:18,1
DA:19,1
DA:20,1
DA:22,1
DA:23,1
DA:24,1
DA:25,1
DA:28,1
LF:18
LH:18
BRDA:4,1,0,1
BRDA:4,1,1,0
BRDA:4,2,0,1
BRDA:4,2,1,1
BRDA:28,3,0,1
BRDA:28,3,1,0
BRDA:28,4,0,1
BRDA:28,4,1,1
BRF:8
BRH:7
end_of_record
TN:
SF:C:\Frontend\TDD_Tutorials\vending-machine\change.js
FN:17,getChange
FNF:1
FNH:1
FNDA:3,getChange
DA:4,1
DA:5,1
DA:7,1
DA:17,1
DA:18,3
DA:19,53
DA:20,24
DA:21,24
DA:22,24
LF:9
LH:9
BRDA:4,1,0,1
BRDA:4,1,1,0
BRDA:4,2,0,1
BRDA:4,2,1,1
BRF:4
BRH:4
end_of_record
